<?xml version="1.0" encoding="UTF-8"?>
<testsuite xmlns:xsi="http://www.w3.org/2001/XMLSchema-instance" xsi:noNamespaceSchemaLocation="https://maven.apache.org/surefire/maven-surefire-plugin/xsd/surefire-test-report-3.0.xsd" version="3.0" name="MainTest" time="0.081" tests="7" errors="0" skipped="0" failures="0">
  <properties>
[...]
</properties>
  <testcase name="RepeatedWordCounter" classname="MainTest" time="0.038"/>
  <testcase name="Separators" classname="MainTest" time="0.002"/>
  <testcase name="emptyStringTestCase" classname="MainTest" time="0.003"/>
  <testcase name="MultipleSpace" classname="MainTest" time="0.002"/>
  <testcase name="singleStringTestCase" classname="MainTest" time="0.002"/>
  <testcase name="getWordCount" classname="MainTest" time="0.002"/>
  <testcase name="VariablesAndNumerics" classname="MainTest" time="0.002"/>
</testsuite>